CRITICAL - 2022-03-10 19:24:16 --> bootstrap4_pagination is not a valid Pager template.
#0 C:\laragon\www\codeigniteradmin\system\Pager\Pager.php(120): CodeIgniter\Pager\Exceptions\PagerException::forInvalidTemplate('bootstrap4_pagi...')
#1 C:\laragon\www\codeigniteradmin\system\Pager\Pager.php(83): CodeIgniter\Pager\Pager->displayLinks('default', 'bootstrap4_pagi...')
#2 C:\laragon\www\codeigniteradmin\app\Views\companies\index.php(118): CodeIgniter\Pager\Pager->links('default', 'bootstrap4_pagi...')
#3 C:\laragon\www\codeigniteradmin\system\View\View.php(210): include('C:\\laragon\\www\\...')
#4 C:\laragon\www\codeigniteradmin\system\View\View.php(213): CodeIgniter\View\View->CodeIgniter\View\{closure}()
#5 C:\laragon\www\codeigniteradmin\system\Common.php(1089): CodeIgniter\View\View->render('companies/index', Array, true)
#6 C:\laragon\www\codeigniteradmin\app\Controllers\Company.php(18): view('companies/index', Array)
#7 C:\laragon\www\codeigniteradmin\system\CodeIgniter.php(832): App\Controllers\Company->index()
#8 C:\laragon\www\codeigniteradmin\system\CodeIgniter.php(419): CodeIgniter\CodeIgniter->runController(Object(App\Controllers\Company))
#9 C:\laragon\www\codeigniteradmin\system\CodeIgniter.php(326): CodeIgniter\CodeIgniter->handleRequest(NULL, Object(Config\Cache), false)
#10 C:\laragon\www\codeigniteradmin\public\index.php(37): CodeIgniter\CodeIgniter->run()
#11 C:\laragon\www\codeigniteradmin\system\Commands\Server\rewrite.php(43): require_once('C:\\laragon\\www\\...')
#12 {main}
CRITICAL - 2022-03-10 19:24:59 --> bootstrap4_pagination is not a valid Pager template.
#0 C:\laragon\www\codeigniteradmin\system\Pager\Pager.php(120): CodeIgniter\Pager\Exceptions\PagerException::forInvalidTemplate('bootstrap4_pagi...')
#1 C:\laragon\www\codeigniteradmin\system\Pager\Pager.php(83): CodeIgniter\Pager\Pager->displayLinks('bootstrap', 'bootstrap4_pagi...')
#2 C:\laragon\www\codeigniteradmin\app\Views\companies\index.php(112): CodeIgniter\Pager\Pager->links('bootstrap', 'bootstrap4_pagi...')
#3 C:\laragon\www\codeigniteradmin\system\View\View.php(210): include('C:\\laragon\\www\\...')
#4 C:\laragon\www\codeigniteradmin\system\View\View.php(213): CodeIgniter\View\View->CodeIgniter\View\{closure}()
#5 C:\laragon\www\codeigniteradmin\system\Common.php(1089): CodeIgniter\View\View->render('companies/index', Array, true)
#6 C:\laragon\www\codeigniteradmin\app\Controllers\Company.php(18): view('companies/index', Array)
#7 C:\laragon\www\codeigniteradmin\system\CodeIgniter.php(832): App\Controllers\Company->index()
#8 C:\laragon\www\codeigniteradmin\system\CodeIgniter.php(419): CodeIgniter\CodeIgniter->runController(Object(App\Controllers\Company))
#9 C:\laragon\www\codeigniteradmin\system\CodeIgniter.php(326): CodeIgniter\CodeIgniter->handleRequest(NULL, Object(Config\Cache), false)
#10 C:\laragon\www\codeigniteradmin\public\index.php(37): CodeIgniter\CodeIgniter->run()
#11 C:\laragon\www\codeigniteradmin\system\Commands\Server\rewrite.php(43): require_once('C:\\laragon\\www\\...')
#12 {main}
CRITICAL - 2022-03-10 19:43:17 --> bootstrap4_pagination is not a valid Pager template.
#0 C:\laragon\www\codeigniteradmin\system\Pager\Pager.php(120): CodeIgniter\Pager\Exceptions\PagerException::forInvalidTemplate('bootstrap4_pagi...')
#1 C:\laragon\www\codeigniteradmin\system\Pager\Pager.php(83): CodeIgniter\Pager\Pager->displayLinks('default', 'bootstrap4_pagi...')
#2 C:\laragon\www\codeigniteradmin\app\Views\companies\index.php(112): CodeIgniter\Pager\Pager->links('default', 'bootstrap4_pagi...')
#3 C:\laragon\www\codeigniteradmin\system\View\View.php(210): include('C:\\laragon\\www\\...')
#4 C:\laragon\www\codeigniteradmin\system\View\View.php(213): CodeIgniter\View\View->CodeIgniter\View\{closure}()
#5 C:\laragon\www\codeigniteradmin\system\Common.php(1089): CodeIgniter\View\View->render('companies/index', Array, true)
#6 C:\laragon\www\codeigniteradmin\app\Controllers\Company.php(18): view('companies/index', Array)
#7 C:\laragon\www\codeigniteradmin\system\CodeIgniter.php(832): App\Controllers\Company->index()
#8 C:\laragon\www\codeigniteradmin\system\CodeIgniter.php(419): CodeIgniter\CodeIgniter->runController(Object(App\Controllers\Company))
#9 C:\laragon\www\codeigniteradmin\system\CodeIgniter.php(326): CodeIgniter\CodeIgniter->handleRequest(NULL, Object(Config\Cache), false)
#10 C:\laragon\www\codeigniteradmin\public\index.php(37): CodeIgniter\CodeIgniter->run()
#11 C:\laragon\www\codeigniteradmin\system\Commands\Server\rewrite.php(43): require_once('C:\\laragon\\www\\...')
#12 {main}
CRITICAL - 2022-03-10 19:46:52 --> bootstrap4_pagination is not a valid Pager template.
#0 C:\laragon\www\codeigniteradmin\system\Pager\Pager.php(120): CodeIgniter\Pager\Exceptions\PagerException::forInvalidTemplate('bootstrap4_pagi...')
#1 C:\laragon\www\codeigniteradmin\system\Pager\Pager.php(83): CodeIgniter\Pager\Pager->displayLinks('bootstrap', 'bootstrap4_pagi...')
#2 C:\laragon\www\codeigniteradmin\app\Views\companies\index.php(112): CodeIgniter\Pager\Pager->links('bootstrap', 'bootstrap4_pagi...')
#3 C:\laragon\www\codeigniteradmin\system\View\View.php(210): include('C:\\laragon\\www\\...')
#4 C:\laragon\www\codeigniteradmin\system\View\View.php(213): CodeIgniter\View\View->CodeIgniter\View\{closure}()
#5 C:\laragon\www\codeigniteradmin\system\Common.php(1089): CodeIgniter\View\View->render('companies/index', Array, true)
#6 C:\laragon\www\codeigniteradmin\app\Controllers\Company.php(18): view('companies/index', Array)
#7 C:\laragon\www\codeigniteradmin\system\CodeIgniter.php(832): App\Controllers\Company->index()
#8 C:\laragon\www\codeigniteradmin\system\CodeIgniter.php(419): CodeIgniter\CodeIgniter->runController(Object(App\Controllers\Company))
#9 C:\laragon\www\codeigniteradmin\system\CodeIgniter.php(326): CodeIgniter\CodeIgniter->handleRequest(NULL, Object(Config\Cache), false)
#10 C:\laragon\www\codeigniteradmin\public\index.php(37): CodeIgniter\CodeIgniter->run()
#11 C:\laragon\www\codeigniteradmin\system\Commands\Server\rewrite.php(43): require_once('C:\\laragon\\www\\...')
#12 {main}
CRITICAL - 2022-03-10 19:48:14 --> bootstrap4_pagination is not a valid Pager template.
#0 C:\laragon\www\codeigniteradmin\system\Pager\Pager.php(120): CodeIgniter\Pager\Exceptions\PagerException::forInvalidTemplate('bootstrap4_pagi...')
#1 C:\laragon\www\codeigniteradmin\system\Pager\Pager.php(83): CodeIgniter\Pager\Pager->displayLinks('bootstrap', 'bootstrap4_pagi...')
#2 C:\laragon\www\codeigniteradmin\app\Views\companies\index.php(112): CodeIgniter\Pager\Pager->links('bootstrap', 'bootstrap4_pagi...')
#3 C:\laragon\www\codeigniteradmin\system\View\View.php(210): include('C:\\laragon\\www\\...')
#4 C:\laragon\www\codeigniteradmin\system\View\View.php(213): CodeIgniter\View\View->CodeIgniter\View\{closure}()
#5 C:\laragon\www\codeigniteradmin\system\Common.php(1089): CodeIgniter\View\View->render('companies/index', Array, true)
#6 C:\laragon\www\codeigniteradmin\app\Controllers\Company.php(18): view('companies/index', Array)
#7 C:\laragon\www\codeigniteradmin\system\CodeIgniter.php(832): App\Controllers\Company->index()
#8 C:\laragon\www\codeigniteradmin\system\CodeIgniter.php(419): CodeIgniter\CodeIgniter->runController(Object(App\Controllers\Company))
#9 C:\laragon\www\codeigniteradmin\system\CodeIgniter.php(326): CodeIgniter\CodeIgniter->handleRequest(NULL, Object(Config\Cache), false)
#10 C:\laragon\www\codeigniteradmin\public\index.php(37): CodeIgniter\CodeIgniter->run()
#11 C:\laragon\www\codeigniteradmin\system\Commands\Server\rewrite.php(43): require_once('C:\\laragon\\www\\...')
#12 {main}
CRITICAL - 2022-03-10 19:49:59 --> Undefined variable $pager
#0 C:\laragon\www\codeigniteradmin\app\Views\companies\index.php(112): CodeIgniter\Debug\Exceptions->errorHandler(2, 'Undefined varia...', 'C:\\laragon\\www\\...', 112)
#1 C:\laragon\www\codeigniteradmin\system\View\View.php(210): include('C:\\laragon\\www\\...')
#2 C:\laragon\www\codeigniteradmin\system\View\View.php(213): CodeIgniter\View\View->CodeIgniter\View\{closure}()
#3 C:\laragon\www\codeigniteradmin\system\Common.php(1089): CodeIgniter\View\View->render('companies/index', Array, true)
#4 C:\laragon\www\codeigniteradmin\app\Controllers\Company.php(17): view('companies/index', Array)
#5 C:\laragon\www\codeigniteradmin\system\CodeIgniter.php(832): App\Controllers\Company->index()
#6 C:\laragon\www\codeigniteradmin\system\CodeIgniter.php(419): CodeIgniter\CodeIgniter->runController(Object(App\Controllers\Company))
#7 C:\laragon\www\codeigniteradmin\system\CodeIgniter.php(326): CodeIgniter\CodeIgniter->handleRequest(NULL, Object(Config\Cache), false)
#8 C:\laragon\www\codeigniteradmin\public\index.php(37): CodeIgniter\CodeIgniter->run()
#9 C:\laragon\www\codeigniteradmin\system\Commands\Server\rewrite.php(43): require_once('C:\\laragon\\www\\...')
#10 {main}
CRITICAL - 2022-03-10 19:50:29 --> bootstrap4_pagination is not a valid Pager template.
#0 C:\laragon\www\codeigniteradmin\system\Pager\Pager.php(120): CodeIgniter\Pager\Exceptions\PagerException::forInvalidTemplate('bootstrap4_pagi...')
#1 C:\laragon\www\codeigniteradmin\system\Pager\Pager.php(83): CodeIgniter\Pager\Pager->displayLinks('default', 'bootstrap4_pagi...')
#2 C:\laragon\www\codeigniteradmin\app\Views\companies\index.php(112): CodeIgniter\Pager\Pager->links('default', 'bootstrap4_pagi...')
#3 C:\laragon\www\codeigniteradmin\system\View\View.php(210): include('C:\\laragon\\www\\...')
#4 C:\laragon\www\codeigniteradmin\system\View\View.php(213): CodeIgniter\View\View->CodeIgniter\View\{closure}()
#5 C:\laragon\www\codeigniteradmin\system\Common.php(1089): CodeIgniter\View\View->render('companies/index', Array, true)
#6 C:\laragon\www\codeigniteradmin\app\Controllers\Company.php(18): view('companies/index', Array)
#7 C:\laragon\www\codeigniteradmin\system\CodeIgniter.php(832): App\Controllers\Company->index()
#8 C:\laragon\www\codeigniteradmin\system\CodeIgniter.php(419): CodeIgniter\CodeIgniter->runController(Object(App\Controllers\Company))
#9 C:\laragon\www\codeigniteradmin\system\CodeIgniter.php(326): CodeIgniter\CodeIgniter->handleRequest(NULL, Object(Config\Cache), false)
#10 C:\laragon\www\codeigniteradmin\public\index.php(37): CodeIgniter\CodeIgniter->run()
#11 C:\laragon\www\codeigniteradmin\system\Commands\Server\rewrite.php(43): require_once('C:\\laragon\\www\\...')
#12 {main}
CRITICAL - 2022-03-10 20:19:48 --> Call to a member function links() on null
#0 C:\laragon\www\codeigniteradmin\system\View\View.php(210): include()
#1 C:\laragon\www\codeigniteradmin\system\View\View.php(213): CodeIgniter\View\View->CodeIgniter\View\{closure}()
#2 C:\laragon\www\codeigniteradmin\system\Common.php(1089): CodeIgniter\View\View->render('companies/index', Array, true)
#3 C:\laragon\www\codeigniteradmin\app\Controllers\Company.php(19): view('companies/index', Array)
#4 C:\laragon\www\codeigniteradmin\system\CodeIgniter.php(832): App\Controllers\Company->index()
#5 C:\laragon\www\codeigniteradmin\system\CodeIgniter.php(419): CodeIgniter\CodeIgniter->runController(Object(App\Controllers\Company))
#6 C:\laragon\www\codeigniteradmin\system\CodeIgniter.php(326): CodeIgniter\CodeIgniter->handleRequest(NULL, Object(Config\Cache), false)
#7 C:\laragon\www\codeigniteradmin\public\index.php(37): CodeIgniter\CodeIgniter->run()
#8 C:\laragon\www\codeigniteradmin\system\Commands\Server\rewrite.php(43): require_once('C:\\laragon\\www\\...')
#9 {main}
CRITICAL - 2022-03-10 21:28:42 --> Undefined variable $company
#0 C:\laragon\www\codeigniteradmin\app\Views\companies\addOrEdit.php(47): CodeIgniter\Debug\Exceptions->errorHandler(2, 'Undefined varia...', 'C:\\laragon\\www\\...', 47)
#1 C:\laragon\www\codeigniteradmin\system\View\View.php(210): include('C:\\laragon\\www\\...')
#2 C:\laragon\www\codeigniteradmin\system\View\View.php(213): CodeIgniter\View\View->CodeIgniter\View\{closure}()
#3 C:\laragon\www\codeigniteradmin\system\Common.php(1089): CodeIgniter\View\View->render('companies/addOr...', Array, true)
#4 C:\laragon\www\codeigniteradmin\app\Controllers\Company.php(24): view('companies/addOr...')
#5 C:\laragon\www\codeigniteradmin\system\CodeIgniter.php(832): App\Controllers\Company->addOrEdit('2')
#6 C:\laragon\www\codeigniteradmin\system\CodeIgniter.php(419): CodeIgniter\CodeIgniter->runController(Object(App\Controllers\Company))
#7 C:\laragon\www\codeigniteradmin\system\CodeIgniter.php(326): CodeIgniter\CodeIgniter->handleRequest(NULL, Object(Config\Cache), false)
#8 C:\laragon\www\codeigniteradmin\public\index.php(37): CodeIgniter\CodeIgniter->run()
#9 C:\laragon\www\codeigniteradmin\system\Commands\Server\rewrite.php(43): require_once('C:\\laragon\\www\\...')
#10 {main}
CRITICAL - 2022-03-10 21:33:12 --> Undefined variable $company
#0 C:\laragon\www\codeigniteradmin\app\Views\companies\addOrEdit.php(47): CodeIgniter\Debug\Exceptions->errorHandler(2, 'Undefined varia...', 'C:\\laragon\\www\\...', 47)
#1 C:\laragon\www\codeigniteradmin\system\View\View.php(210): include('C:\\laragon\\www\\...')
#2 C:\laragon\www\codeigniteradmin\system\View\View.php(213): CodeIgniter\View\View->CodeIgniter\View\{closure}()
#3 C:\laragon\www\codeigniteradmin\system\Common.php(1089): CodeIgniter\View\View->render('companies/addOr...', Array, true)
#4 C:\laragon\www\codeigniteradmin\app\Controllers\Company.php(26): view('companies/addOr...')
#5 C:\laragon\www\codeigniteradmin\system\CodeIgniter.php(832): App\Controllers\Company->addOrEdit('2')
#6 C:\laragon\www\codeigniteradmin\system\CodeIgniter.php(419): CodeIgniter\CodeIgniter->runController(Object(App\Controllers\Company))
#7 C:\laragon\www\codeigniteradmin\system\CodeIgniter.php(326): CodeIgniter\CodeIgniter->handleRequest(NULL, Object(Config\Cache), false)
#8 C:\laragon\www\codeigniteradmin\public\index.php(37): CodeIgniter\CodeIgniter->run()
#9 C:\laragon\www\codeigniteradmin\system\Commands\Server\rewrite.php(43): require_once('C:\\laragon\\www\\...')
#10 {main}
CRITICAL - 2022-03-10 21:33:30 --> Undefined variable $company
#0 C:\laragon\www\codeigniteradmin\app\Views\companies\addOrEdit.php(47): CodeIgniter\Debug\Exceptions->errorHandler(2, 'Undefined varia...', 'C:\\laragon\\www\\...', 47)
#1 C:\laragon\www\codeigniteradmin\system\View\View.php(210): include('C:\\laragon\\www\\...')
#2 C:\laragon\www\codeigniteradmin\system\View\View.php(213): CodeIgniter\View\View->CodeIgniter\View\{closure}()
#3 C:\laragon\www\codeigniteradmin\system\Common.php(1089): CodeIgniter\View\View->render('companies/addOr...', Array, true)
#4 C:\laragon\www\codeigniteradmin\app\Controllers\Company.php(24): view('companies/addOr...')
#5 C:\laragon\www\codeigniteradmin\system\CodeIgniter.php(832): App\Controllers\Company->addOrEdit('2')
#6 C:\laragon\www\codeigniteradmin\system\CodeIgniter.php(419): CodeIgniter\CodeIgniter->runController(Object(App\Controllers\Company))
#7 C:\laragon\www\codeigniteradmin\system\CodeIgniter.php(326): CodeIgniter\CodeIgniter->handleRequest(NULL, Object(Config\Cache), false)
#8 C:\laragon\www\codeigniteradmin\public\index.php(37): CodeIgniter\CodeIgniter->run()
#9 C:\laragon\www\codeigniteradmin\system\Commands\Server\rewrite.php(43): require_once('C:\\laragon\\www\\...')
#10 {main}
CRITICAL - 2022-03-10 21:39:23 --> Undefined variable $hasValidationErrors
#0 C:\laragon\www\codeigniteradmin\app\Views\companies\addOrEdit.php(53): CodeIgniter\Debug\Exceptions->errorHandler(2, 'Undefined varia...', 'C:\\laragon\\www\\...', 53)
#1 C:\laragon\www\codeigniteradmin\system\View\View.php(210): include('C:\\laragon\\www\\...')
#2 C:\laragon\www\codeigniteradmin\system\View\View.php(213): CodeIgniter\View\View->CodeIgniter\View\{closure}()
#3 C:\laragon\www\codeigniteradmin\system\Common.php(1089): CodeIgniter\View\View->render('companies/addOr...', Array, true)
#4 C:\laragon\www\codeigniteradmin\app\Controllers\Company.php(31): view('companies/addOr...', Array)
#5 C:\laragon\www\codeigniteradmin\system\CodeIgniter.php(832): App\Controllers\Company->addOrEdit('2')
#6 C:\laragon\www\codeigniteradmin\system\CodeIgniter.php(419): CodeIgniter\CodeIgniter->runController(Object(App\Controllers\Company))
#7 C:\laragon\www\codeigniteradmin\system\CodeIgniter.php(326): CodeIgniter\CodeIgniter->handleRequest(NULL, Object(Config\Cache), false)
#8 C:\laragon\www\codeigniteradmin\public\index.php(37): CodeIgniter\CodeIgniter->run()
#9 C:\laragon\www\codeigniteradmin\system\Commands\Server\rewrite.php(43): require_once('C:\\laragon\\www\\...')
#10 {main}
CRITICAL - 2022-03-10 21:47:49 --> Trying to access array offset on value of type null
#0 C:\laragon\www\codeigniteradmin\app\Views\companies\addOrEdit.php(47): CodeIgniter\Debug\Exceptions->errorHandler(2, 'Trying to acces...', 'C:\\laragon\\www\\...', 47)
#1 C:\laragon\www\codeigniteradmin\system\View\View.php(210): include('C:\\laragon\\www\\...')
#2 C:\laragon\www\codeigniteradmin\system\View\View.php(213): CodeIgniter\View\View->CodeIgniter\View\{closure}()
#3 C:\laragon\www\codeigniteradmin\system\Common.php(1089): CodeIgniter\View\View->render('companies/addOr...', Array, true)
#4 C:\laragon\www\codeigniteradmin\app\Controllers\Company.php(35): view('companies/addOr...', Array)
#5 C:\laragon\www\codeigniteradmin\system\CodeIgniter.php(832): App\Controllers\Company->addOrEdit('0')
#6 C:\laragon\www\codeigniteradmin\system\CodeIgniter.php(419): CodeIgniter\CodeIgniter->runController(Object(App\Controllers\Company))
#7 C:\laragon\www\codeigniteradmin\system\CodeIgniter.php(326): CodeIgniter\CodeIgniter->handleRequest(NULL, Object(Config\Cache), false)
#8 C:\laragon\www\codeigniteradmin\public\index.php(37): CodeIgniter\CodeIgniter->run()
#9 C:\laragon\www\codeigniteradmin\system\Commands\Server\rewrite.php(43): require_once('C:\\laragon\\www\\...')
#10 {main}
CRITICAL - 2022-03-10 21:49:16 --> Cannot use object of type App\Models\CompaniesModel as array
#0 C:\laragon\www\codeigniteradmin\system\View\View.php(210): include()
#1 C:\laragon\www\codeigniteradmin\system\View\View.php(213): CodeIgniter\View\View->CodeIgniter\View\{closure}()
#2 C:\laragon\www\codeigniteradmin\system\Common.php(1089): CodeIgniter\View\View->render('companies/addOr...', Array, true)
#3 C:\laragon\www\codeigniteradmin\app\Controllers\Company.php(41): view('companies/addOr...', Array)
#4 C:\laragon\www\codeigniteradmin\system\CodeIgniter.php(832): App\Controllers\Company->addOrEdit('0')
#5 C:\laragon\www\codeigniteradmin\system\CodeIgniter.php(419): CodeIgniter\CodeIgniter->runController(Object(App\Controllers\Company))
#6 C:\laragon\www\codeigniteradmin\system\CodeIgniter.php(326): CodeIgniter\CodeIgniter->handleRequest(NULL, Object(Config\Cache), false)
#7 C:\laragon\www\codeigniteradmin\public\index.php(37): CodeIgniter\CodeIgniter->run()
#8 C:\laragon\www\codeigniteradmin\system\Commands\Server\rewrite.php(43): require_once('C:\\laragon\\www\\...')
#9 {main}
CRITICAL - 2022-03-10 21:50:11 --> Undefined array key "id"
#0 C:\laragon\www\codeigniteradmin\app\Views\companies\addOrEdit.php(47): CodeIgniter\Debug\Exceptions->errorHandler(2, 'Undefined array...', 'C:\\laragon\\www\\...', 47)
#1 C:\laragon\www\codeigniteradmin\system\View\View.php(210): include('C:\\laragon\\www\\...')
#2 C:\laragon\www\codeigniteradmin\system\View\View.php(213): CodeIgniter\View\View->CodeIgniter\View\{closure}()
#3 C:\laragon\www\codeigniteradmin\system\Common.php(1089): CodeIgniter\View\View->render('companies/addOr...', Array, true)
#4 C:\laragon\www\codeigniteradmin\app\Controllers\Company.php(41): view('companies/addOr...', Array)
#5 C:\laragon\www\codeigniteradmin\system\CodeIgniter.php(832): App\Controllers\Company->addOrEdit('0')
#6 C:\laragon\www\codeigniteradmin\system\CodeIgniter.php(419): CodeIgniter\CodeIgniter->runController(Object(App\Controllers\Company))
#7 C:\laragon\www\codeigniteradmin\system\CodeIgniter.php(326): CodeIgniter\CodeIgniter->handleRequest(NULL, Object(Config\Cache), false)
#8 C:\laragon\www\codeigniteradmin\public\index.php(37): CodeIgniter\CodeIgniter->run()
#9 C:\laragon\www\codeigniteradmin\system\Commands\Server\rewrite.php(43): require_once('C:\\laragon\\www\\...')
#10 {main}
CRITICAL - 2022-03-10 21:50:57 --> Trying to access array offset on value of type null
#0 C:\laragon\www\codeigniteradmin\app\Views\companies\addOrEdit.php(47): CodeIgniter\Debug\Exceptions->errorHandler(2, 'Trying to acces...', 'C:\\laragon\\www\\...', 47)
#1 C:\laragon\www\codeigniteradmin\system\View\View.php(210): include('C:\\laragon\\www\\...')
#2 C:\laragon\www\codeigniteradmin\system\View\View.php(213): CodeIgniter\View\View->CodeIgniter\View\{closure}()
#3 C:\laragon\www\codeigniteradmin\system\Common.php(1089): CodeIgniter\View\View->render('companies/addOr...', Array, true)
#4 C:\laragon\www\codeigniteradmin\app\Controllers\Company.php(41): view('companies/addOr...', Array)
#5 C:\laragon\www\codeigniteradmin\system\CodeIgniter.php(832): App\Controllers\Company->addOrEdit('0')
#6 C:\laragon\www\codeigniteradmin\system\CodeIgniter.php(419): CodeIgniter\CodeIgniter->runController(Object(App\Controllers\Company))
#7 C:\laragon\www\codeigniteradmin\system\CodeIgniter.php(326): CodeIgniter\CodeIgniter->handleRequest(NULL, Object(Config\Cache), false)
#8 C:\laragon\www\codeigniteradmin\public\index.php(37): CodeIgniter\CodeIgniter->run()
#9 C:\laragon\www\codeigniteradmin\system\Commands\Server\rewrite.php(43): require_once('C:\\laragon\\www\\...')
#10 {main}
CRITICAL - 2022-03-10 21:51:47 --> Array to string conversion
#0 C:\laragon\www\codeigniteradmin\app\Views\companies\addOrEdit.php(47): CodeIgniter\Debug\Exceptions->errorHandler(2, 'Array to string...', 'C:\\laragon\\www\\...', 47)
#1 C:\laragon\www\codeigniteradmin\system\View\View.php(210): include('C:\\laragon\\www\\...')
#2 C:\laragon\www\codeigniteradmin\system\View\View.php(213): CodeIgniter\View\View->CodeIgniter\View\{closure}()
#3 C:\laragon\www\codeigniteradmin\system\Common.php(1089): CodeIgniter\View\View->render('companies/addOr...', Array, true)
#4 C:\laragon\www\codeigniteradmin\app\Controllers\Company.php(41): view('companies/addOr...', Array)
#5 C:\laragon\www\codeigniteradmin\system\CodeIgniter.php(832): App\Controllers\Company->addOrEdit('1')
#6 C:\laragon\www\codeigniteradmin\system\CodeIgniter.php(419): CodeIgniter\CodeIgniter->runController(Object(App\Controllers\Company))
#7 C:\laragon\www\codeigniteradmin\system\CodeIgniter.php(326): CodeIgniter\CodeIgniter->handleRequest(NULL, Object(Config\Cache), false)
#8 C:\laragon\www\codeigniteradmin\public\index.php(37): CodeIgniter\CodeIgniter->run()
#9 C:\laragon\www\codeigniteradmin\system\Commands\Server\rewrite.php(43): require_once('C:\\laragon\\www\\...')
#10 {main}
CRITICAL - 2022-03-10 22:03:35 --> Undefined variable $title
#0 C:\laragon\www\codeigniteradmin\app\Views\companies\edit.php(33): CodeIgniter\Debug\Exceptions->errorHandler(2, 'Undefined varia...', 'C:\\laragon\\www\\...', 33)
#1 C:\laragon\www\codeigniteradmin\system\View\View.php(210): include('C:\\laragon\\www\\...')
#2 C:\laragon\www\codeigniteradmin\system\View\View.php(213): CodeIgniter\View\View->CodeIgniter\View\{closure}()
#3 C:\laragon\www\codeigniteradmin\system\Common.php(1089): CodeIgniter\View\View->render('companies/edit', Array, true)
#4 C:\laragon\www\codeigniteradmin\app\Controllers\Company.php(36): view('companies/edit', Array)
#5 C:\laragon\www\codeigniteradmin\system\CodeIgniter.php(832): App\Controllers\Company->edit('1')
#6 C:\laragon\www\codeigniteradmin\system\CodeIgniter.php(419): CodeIgniter\CodeIgniter->runController(Object(App\Controllers\Company))
#7 C:\laragon\www\codeigniteradmin\system\CodeIgniter.php(326): CodeIgniter\CodeIgniter->handleRequest(NULL, Object(Config\Cache), false)
#8 C:\laragon\www\codeigniteradmin\public\index.php(37): CodeIgniter\CodeIgniter->run()
#9 C:\laragon\www\codeigniteradmin\system\Commands\Server\rewrite.php(43): require_once('C:\\laragon\\www\\...')
#10 {main}
CRITICAL - 2022-03-10 22:03:58 --> Undefined variable $hasValidationErrors
#0 C:\laragon\www\codeigniteradmin\app\Views\companies\edit.php(41): CodeIgniter\Debug\Exceptions->errorHandler(2, 'Undefined varia...', 'C:\\laragon\\www\\...', 41)
#1 C:\laragon\www\codeigniteradmin\system\View\View.php(210): include('C:\\laragon\\www\\...')
#2 C:\laragon\www\codeigniteradmin\system\View\View.php(213): CodeIgniter\View\View->CodeIgniter\View\{closure}()
#3 C:\laragon\www\codeigniteradmin\system\Common.php(1089): CodeIgniter\View\View->render('companies/edit', Array, true)
#4 C:\laragon\www\codeigniteradmin\app\Controllers\Company.php(36): view('companies/edit', Array)
#5 C:\laragon\www\codeigniteradmin\system\CodeIgniter.php(832): App\Controllers\Company->edit('1')
#6 C:\laragon\www\codeigniteradmin\system\CodeIgniter.php(419): CodeIgniter\CodeIgniter->runController(Object(App\Controllers\Company))
#7 C:\laragon\www\codeigniteradmin\system\CodeIgniter.php(326): CodeIgniter\CodeIgniter->handleRequest(NULL, Object(Config\Cache), false)
#8 C:\laragon\www\codeigniteradmin\public\index.php(37): CodeIgniter\CodeIgniter->run()
#9 C:\laragon\www\codeigniteradmin\system\Commands\Server\rewrite.php(43): require_once('C:\\laragon\\www\\...')
#10 {main}
